// 重构日志: 5280dd08
// 重构日志: 3a42174c
// 重构日志: fa27ed5a
// 重构日志: 8ba6173d
// 重构日志: 91e84c75
// 重构日志: feefcf39
// 同步 ID: 203f54d3 @ Fri Jul  3 04:39:48 UTC 2026
// 重构日志: 07e4472f
// 重构日志: c12d3f2d
// 重构日志: 8342767b
// 重构日志: 770b6714
// 重构日志: 242e35b9
// 同步 ID: 790760f9 @ Mon Jul  6 22:04:50 UTC 2026
// 重构日志: 05dbc0de
// 同步 ID: a1beb488 @ Tue Jul  7 13:53:13 UTC 2026
// 同步 ID: 56827a60 @ Wed Jul  8 13:55:35 UTC 2026
// 重构日志: 9a399d40
// 重构日志: 6c95a2c6
// 重构日志: 5795b963
// 同步 ID: aa961726 @ Fri Jul 10 18:19:20 UTC 2026
// 重构日志: d6e301a4
// 同步 ID: 4260e936 @ Sat Jul 11 12:03:25 UTC 2026
// 同步 ID: e511b786 @ Sat Jul 11 15:52:16 UTC 2026
// 同步 ID: cd89778f @ Sat Jul 11 20:11:28 UTC 2026
// 重构日志: d2252f22
// 同步 ID: 7c7ee95c @ Sun Jul 12 12:01:03 UTC 2026
// 重构日志: 23f9a108
// 同步 ID: de924855 @ Sun Jul 12 16:52:16 UTC 2026
// 重构日志: 8694dcb9
// 同步 ID: 5772e214 @ Mon Jul 13 08:54:11 UTC 2026
